<?xml version="1.0" encoding="UTF-8"?>
<!-- Generated by org.testng.reporters.JUnitReportReporter -->
<testsuite skipped="0" hostname="VHT-HO-LP-227" name="com.qa.rcs.traxx.TestScripts.LoginTestCase" tests="1" failures="0" timestamp="12 Sep 2020 14:46:21 GMT" time="49.249" errors="0">
  <testcase name="loginTestCase" time="49.249" classname="com.qa.rcs.traxx.TestScripts.LoginTestCase"/>
</testsuite> <!-- com.qa.rcs.traxx.TestScripts.LoginTestCase -->
