<?xml version="1.0" encoding="UTF-8"?>
<!-- Generated by org.testng.reporters.JUnitReportReporter -->
<testsuite skipped="0" hostname="VHT-HO-LP-227" name="com.qa.rcs.traxx.TestScripts.CreatePurchaseRequestTS" tests="1" failures="0" timestamp="22 Sep 2020 06:57:09 GMT" time="78.084" errors="0">
  <testcase name="createPurchaseRequestTestCase" time="78.084" classname="com.qa.rcs.traxx.TestScripts.CreatePurchaseRequestTS"/>
</testsuite> <!-- com.qa.rcs.traxx.TestScripts.CreatePurchaseRequestTS -->
